2025-03-26 17:34:36.266 [main] INFO  com.edu.eduservice.EduApplication - Starting EduApplication on dhcp-v039-004.mobile.uci.edu with PID 75307 (/Users/haitong/Documents/online-edu/edu_root/service/service_edu/target/classes started by haitong in /Users/haitong/Documents/online-edu/edu_root)
2025-03-26 17:34:36.268 [main] INFO  com.edu.eduservice.EduApplication - The following profiles are active: dev
2025-03-26 17:34:36.577 [main] INFO  o.s.d.r.config.RepositoryConfigurationDelegate - Multiple Spring Data modules found, entering strict repository configuration mode!
2025-03-26 17:34:36.578 [main] INFO  o.s.d.r.config.RepositoryConfigurationDelegate - Bootstrapping Spring Data repositories in DEFAULT mode.
2025-03-26 17:34:36.586 [main] INFO  o.s.d.r.config.RepositoryConfigurationDelegate - Finished Spring Data repository scanning in 3ms. Found 0 repository interfaces.
2025-03-26 17:34:36.708 [main] INFO  o.s.c.s.PostProcessorRegistrationDelegate$BeanPostProcessorChecker - Bean 'org.springframework.transaction.annotation.ProxyTransactionManagementConfiguration' of type [org.springframework.transaction.annotation.ProxyTransactionManagementConfiguration] is not eligible for getting processed by all BeanPostProcessors (for example: not eligible for auto-proxying)
2025-03-26 17:34:36.862 [main] INFO  o.s.boot.web.embedded.tomcat.TomcatWebServer - Tomcat initialized with port(s): 8081 (http)
2025-03-26 17:34:36.867 [main] INFO  org.apache.coyote.http11.Http11NioProtocol - Initializing ProtocolHandler ["http-nio-8081"]
2025-03-26 17:34:36.867 [main] INFO  org.apache.catalina.core.StandardService - Starting service [Tomcat]
2025-03-26 17:34:36.867 [main] INFO  org.apache.catalina.core.StandardEngine - Starting Servlet engine: [Apache Tomcat/9.0.27]
2025-03-26 17:34:36.899 [main] INFO  o.a.c.core.ContainerBase.[Tomcat].[localhost].[/] - Initializing Spring embedded WebApplicationContext
2025-03-26 17:34:36.899 [main] INFO  org.springframework.web.context.ContextLoader - Root WebApplicationContext: initialization completed in 614 ms
2025-03-26 17:34:36.994 [main] INFO  com.zaxxer.hikari.HikariDataSource - HikariPool-1 - Starting...
2025-03-26 17:34:37.172 [main] INFO  com.zaxxer.hikari.HikariDataSource - HikariPool-1 - Start completed.
2025-03-26 17:34:37.371 [main] INFO  s.d.s.w.PropertySourcedRequestMappingHandlerMapping - Mapped URL path [/v2/api-docs] onto method [springfox.documentation.swagger2.web.Swagger2Controller#getDocumentation(String, HttpServletRequest)]
2025-03-26 17:34:37.413 [main] INFO  o.s.scheduling.concurrent.ThreadPoolTaskExecutor - Initializing ExecutorService 'applicationTaskExecutor'
2025-03-26 17:34:37.586 [main] INFO  s.d.s.web.plugins.DocumentationPluginsBootstrapper - Context refreshed
2025-03-26 17:34:37.594 [main] INFO  s.d.s.web.plugins.DocumentationPluginsBootstrapper - Found 1 custom documentation plugin(s)
2025-03-26 17:34:37.603 [main] INFO  s.d.spring.web.scanners.ApiListingReferenceScanner - Scanning for api listing references
2025-03-26 17:34:37.701 [main] INFO  org.apache.coyote.http11.Http11NioProtocol - Starting ProtocolHandler ["http-nio-8081"]
2025-03-26 17:34:37.711 [main] INFO  o.s.boot.web.embedded.tomcat.TomcatWebServer - Tomcat started on port(s): 8081 (http) with context path ''
2025-03-26 17:34:37.712 [main] INFO  com.edu.eduservice.EduApplication - Started EduApplication in 1.668 seconds (JVM running for 1.85)
2025-03-26 20:42:41.879 [http-nio-8081-exec-1] INFO  o.a.c.core.ContainerBase.[Tomcat].[localhost].[/] - Initializing Spring DispatcherServlet 'dispatcherServlet'
2025-03-26 20:42:41.879 [http-nio-8081-exec-1] INFO  org.springframework.web.servlet.DispatcherServlet - Initializing Servlet 'dispatcherServlet'
2025-03-26 20:42:41.891 [http-nio-8081-exec-1] INFO  org.springframework.web.servlet.DispatcherServlet - Completed initialization in 11 ms
2025-03-26 22:41:49.669 [SpringContextShutdownHook] INFO  o.s.scheduling.concurrent.ThreadPoolTaskExecutor - Shutting down ExecutorService 'applicationTaskExecutor'
2025-03-26 22:41:49.671 [SpringContextShutdownHook] INFO  com.zaxxer.hikari.HikariDataSource - HikariPool-1 - Shutdown initiated...
2025-03-26 22:41:49.672 [SpringContextShutdownHook] INFO  com.zaxxer.hikari.HikariDataSource - HikariPool-1 - Shutdown completed.
