2025-04-10 09:58:16.531 [main] INFO  com.edu.eduservice.EduApplication - Starting EduApplication on HaitongdeMacBook-Air.local with PID 4553 (/Users/haitong/Documents/online-edu/edu_root/service/service_edu/target/classes started by haitong in /Users/haitong/Documents/online-edu/edu_root)
2025-04-10 09:58:16.532 [main] INFO  com.edu.eduservice.EduApplication - The following profiles are active: dev
2025-04-10 09:58:16.859 [main] INFO  o.s.d.r.config.RepositoryConfigurationDelegate - Multiple Spring Data modules found, entering strict repository configuration mode!
2025-04-10 09:58:16.860 [main] INFO  o.s.d.r.config.RepositoryConfigurationDelegate - Bootstrapping Spring Data repositories in DEFAULT mode.
2025-04-10 09:58:16.869 [main] INFO  o.s.d.r.config.RepositoryConfigurationDelegate - Finished Spring Data repository scanning in 5ms. Found 0 repository interfaces.
2025-04-10 09:58:17.004 [main] INFO  o.s.c.s.PostProcessorRegistrationDelegate$BeanPostProcessorChecker - Bean 'org.springframework.transaction.annotation.ProxyTransactionManagementConfiguration' of type [org.springframework.transaction.annotation.ProxyTransactionManagementConfiguration] is not eligible for getting processed by all BeanPostProcessors (for example: not eligible for auto-proxying)
2025-04-10 09:58:17.149 [main] INFO  o.s.boot.web.embedded.tomcat.TomcatWebServer - Tomcat initialized with port(s): 8081 (http)
2025-04-10 09:58:17.153 [main] INFO  org.apache.coyote.http11.Http11NioProtocol - Initializing ProtocolHandler ["http-nio-8081"]
2025-04-10 09:58:17.153 [main] INFO  org.apache.catalina.core.StandardService - Starting service [Tomcat]
2025-04-10 09:58:17.154 [main] INFO  org.apache.catalina.core.StandardEngine - Starting Servlet engine: [Apache Tomcat/9.0.27]
2025-04-10 09:58:17.188 [main] INFO  o.a.c.core.ContainerBase.[Tomcat].[localhost].[/] - Initializing Spring embedded WebApplicationContext
2025-04-10 09:58:17.188 [main] INFO  org.springframework.web.context.ContextLoader - Root WebApplicationContext: initialization completed in 637 ms
2025-04-10 09:58:17.275 [main] INFO  com.zaxxer.hikari.HikariDataSource - HikariPool-1 - Starting...
2025-04-10 09:58:17.450 [main] INFO  com.zaxxer.hikari.HikariDataSource - HikariPool-1 - Start completed.
2025-04-10 09:58:17.706 [main] INFO  s.d.s.w.PropertySourcedRequestMappingHandlerMapping - Mapped URL path [/v2/api-docs] onto method [springfox.documentation.swagger2.web.Swagger2Controller#getDocumentation(String, HttpServletRequest)]
2025-04-10 09:58:17.735 [main] INFO  o.s.scheduling.concurrent.ThreadPoolTaskExecutor - Initializing ExecutorService 'applicationTaskExecutor'
2025-04-10 09:58:17.892 [main] INFO  s.d.s.web.plugins.DocumentationPluginsBootstrapper - Context refreshed
2025-04-10 09:58:17.898 [main] INFO  s.d.s.web.plugins.DocumentationPluginsBootstrapper - Found 1 custom documentation plugin(s)
2025-04-10 09:58:17.908 [main] INFO  s.d.spring.web.scanners.ApiListingReferenceScanner - Scanning for api listing references
2025-04-10 09:58:18.003 [main] INFO  org.apache.coyote.http11.Http11NioProtocol - Starting ProtocolHandler ["http-nio-8081"]
2025-04-10 09:58:18.016 [main] INFO  o.s.boot.web.embedded.tomcat.TomcatWebServer - Tomcat started on port(s): 8081 (http) with context path ''
2025-04-10 09:58:18.018 [main] INFO  com.edu.eduservice.EduApplication - Started EduApplication in 1.69 seconds (JVM running for 1.945)
2025-04-10 09:59:11.421 [http-nio-8081-exec-1] INFO  o.a.c.core.ContainerBase.[Tomcat].[localhost].[/] - Initializing Spring DispatcherServlet 'dispatcherServlet'
2025-04-10 09:59:11.421 [http-nio-8081-exec-1] INFO  org.springframework.web.servlet.DispatcherServlet - Initializing Servlet 'dispatcherServlet'
2025-04-10 09:59:11.425 [http-nio-8081-exec-1] INFO  org.springframework.web.servlet.DispatcherServlet - Completed initialization in 4 ms
2025-04-10 10:05:39.401 [SpringContextShutdownHook] INFO  o.s.scheduling.concurrent.ThreadPoolTaskExecutor - Shutting down ExecutorService 'applicationTaskExecutor'
2025-04-10 10:05:39.403 [SpringContextShutdownHook] INFO  com.zaxxer.hikari.HikariDataSource - HikariPool-1 - Shutdown initiated...
2025-04-10 10:05:39.411 [SpringContextShutdownHook] INFO  com.zaxxer.hikari.HikariDataSource - HikariPool-1 - Shutdown completed.
2025-04-10 17:51:32.291 [main] INFO  com.edu.eduservice.EduApplication - The following profiles are active: dev
2025-04-10 17:51:32.528 [main] INFO  o.s.d.r.config.RepositoryConfigurationDelegate - Multiple Spring Data modules found, entering strict repository configuration mode!
2025-04-10 17:51:32.529 [main] INFO  o.s.d.r.config.RepositoryConfigurationDelegate - Bootstrapping Spring Data repositories in DEFAULT mode.
2025-04-10 17:51:32.538 [main] INFO  o.s.d.r.config.RepositoryConfigurationDelegate - Finished Spring Data repository scanning in 4ms. Found 0 repository interfaces.
2025-04-10 17:51:32.623 [main] INFO  o.springframework.cloud.context.scope.GenericScope - BeanFactory id=4ac8833f-5c68-392f-be07-2e1c435f8e8f
2025-04-10 17:51:32.679 [main] INFO  o.s.c.s.PostProcessorRegistrationDelegate$BeanPostProcessorChecker - Bean 'org.springframework.transaction.annotation.ProxyTransactionManagementConfiguration' of type [org.springframework.transaction.annotation.ProxyTransactionManagementConfiguration] is not eligible for getting processed by all BeanPostProcessors (for example: not eligible for auto-proxying)
2025-04-10 17:51:32.715 [main] INFO  o.s.c.s.PostProcessorRegistrationDelegate$BeanPostProcessorChecker - Bean 'org.springframework.cloud.autoconfigure.ConfigurationPropertiesRebinderAutoConfiguration' of type [org.springframework.cloud.autoconfigure.ConfigurationPropertiesRebinderAutoConfiguration] is not eligible for getting processed by all BeanPostProcessors (for example: not eligible for auto-proxying)
2025-04-10 17:51:32.803 [main] INFO  o.s.boot.web.embedded.tomcat.TomcatWebServer - Tomcat initialized with port(s): 8081 (http)
2025-04-10 17:51:32.807 [main] INFO  org.apache.coyote.http11.Http11NioProtocol - Initializing ProtocolHandler ["http-nio-8081"]
2025-04-10 17:51:32.807 [main] INFO  org.apache.catalina.core.StandardService - Starting service [Tomcat]
2025-04-10 17:51:32.807 [main] INFO  org.apache.catalina.core.StandardEngine - Starting Servlet engine: [Apache Tomcat/9.0.27]
2025-04-10 17:51:32.851 [main] INFO  o.a.c.core.ContainerBase.[Tomcat].[localhost].[/] - Initializing Spring embedded WebApplicationContext
2025-04-10 17:51:32.851 [main] INFO  org.springframework.web.context.ContextLoader - Root WebApplicationContext: initialization completed in 553 ms
2025-04-10 17:51:32.920 [main] INFO  com.zaxxer.hikari.HikariDataSource - HikariPool-1 - Starting...
2025-04-10 17:51:33.118 [main] INFO  com.zaxxer.hikari.HikariDataSource - HikariPool-1 - Start completed.
2025-04-10 17:51:33.399 [main] INFO  s.d.s.w.PropertySourcedRequestMappingHandlerMapping - Mapped URL path [/v2/api-docs] onto method [springfox.documentation.swagger2.web.Swagger2Controller#getDocumentation(String, HttpServletRequest)]
2025-04-10 17:51:33.406 [main] INFO  com.netflix.config.sources.URLConfigurationSource - To enable URLs as dynamic configuration sources, define System property archaius.configurationSource.additionalUrls or make config.properties available on classpath.
2025-04-10 17:51:33.408 [main] INFO  com.netflix.config.sources.URLConfigurationSource - To enable URLs as dynamic configuration sources, define System property archaius.configurationSource.additionalUrls or make config.properties available on classpath.
2025-04-10 17:51:33.446 [main] INFO  o.s.scheduling.concurrent.ThreadPoolTaskExecutor - Initializing ExecutorService 'applicationTaskExecutor'
2025-04-10 17:51:33.664 [main] INFO  o.s.scheduling.concurrent.ThreadPoolTaskScheduler - Initializing ExecutorService
2025-04-10 17:51:33.687 [main] INFO  s.d.s.web.plugins.DocumentationPluginsBootstrapper - Context refreshed
2025-04-10 17:51:33.694 [main] INFO  s.d.s.web.plugins.DocumentationPluginsBootstrapper - Found 1 custom documentation plugin(s)
2025-04-10 17:51:33.703 [main] INFO  s.d.spring.web.scanners.ApiListingReferenceScanner - Scanning for api listing references
2025-04-10 17:51:33.778 [main] INFO  org.apache.coyote.http11.Http11NioProtocol - Starting ProtocolHandler ["http-nio-8081"]
2025-04-10 17:51:33.786 [main] INFO  o.s.boot.web.embedded.tomcat.TomcatWebServer - Tomcat started on port(s): 8081 (http) with context path ''
2025-04-10 17:51:33.841 [main] INFO  o.s.c.alibaba.nacos.registry.NacosServiceRegistry - nacos registry, service_edu 169.234.43.248:8081 register finished
2025-04-10 17:51:33.846 [main] INFO  com.edu.eduservice.EduApplication - Started EduApplication in 1.873 seconds (JVM running for 2.078)
2025-04-10 17:53:38.469 [SpringContextShutdownHook] INFO  o.s.c.alibaba.nacos.registry.NacosServiceRegistry - De-registering from Nacos Server now...
2025-04-10 17:53:38.477 [SpringContextShutdownHook] INFO  o.s.c.alibaba.nacos.registry.NacosServiceRegistry - De-registration finished.
2025-04-10 17:53:38.487 [SpringContextShutdownHook] INFO  o.s.scheduling.concurrent.ThreadPoolTaskExecutor - Shutting down ExecutorService 'applicationTaskExecutor'
2025-04-10 17:53:38.489 [SpringContextShutdownHook] INFO  com.zaxxer.hikari.HikariDataSource - HikariPool-1 - Shutdown initiated...
2025-04-10 17:53:38.493 [SpringContextShutdownHook] INFO  com.zaxxer.hikari.HikariDataSource - HikariPool-1 - Shutdown completed.
2025-04-10 17:53:39.785 [main] INFO  com.edu.eduservice.EduApplication - The following profiles are active: dev
2025-04-10 17:53:40.035 [main] INFO  o.s.d.r.config.RepositoryConfigurationDelegate - Multiple Spring Data modules found, entering strict repository configuration mode!
2025-04-10 17:53:40.036 [main] INFO  o.s.d.r.config.RepositoryConfigurationDelegate - Bootstrapping Spring Data repositories in DEFAULT mode.
2025-04-10 17:53:40.046 [main] INFO  o.s.d.r.config.RepositoryConfigurationDelegate - Finished Spring Data repository scanning in 5ms. Found 0 repository interfaces.
2025-04-10 17:53:40.132 [main] INFO  o.springframework.cloud.context.scope.GenericScope - BeanFactory id=4ac8833f-5c68-392f-be07-2e1c435f8e8f
2025-04-10 17:53:40.188 [main] INFO  o.s.c.s.PostProcessorRegistrationDelegate$BeanPostProcessorChecker - Bean 'org.springframework.transaction.annotation.ProxyTransactionManagementConfiguration' of type [org.springframework.transaction.annotation.ProxyTransactionManagementConfiguration] is not eligible for getting processed by all BeanPostProcessors (for example: not eligible for auto-proxying)
2025-04-10 17:53:40.224 [main] INFO  o.s.c.s.PostProcessorRegistrationDelegate$BeanPostProcessorChecker - Bean 'org.springframework.cloud.autoconfigure.ConfigurationPropertiesRebinderAutoConfiguration' of type [org.springframework.cloud.autoconfigure.ConfigurationPropertiesRebinderAutoConfiguration] is not eligible for getting processed by all BeanPostProcessors (for example: not eligible for auto-proxying)
2025-04-10 17:53:40.315 [main] INFO  o.s.boot.web.embedded.tomcat.TomcatWebServer - Tomcat initialized with port(s): 8081 (http)
2025-04-10 17:53:40.320 [main] INFO  org.apache.coyote.http11.Http11NioProtocol - Initializing ProtocolHandler ["http-nio-8081"]
2025-04-10 17:53:40.320 [main] INFO  org.apache.catalina.core.StandardService - Starting service [Tomcat]
2025-04-10 17:53:40.320 [main] INFO  org.apache.catalina.core.StandardEngine - Starting Servlet engine: [Apache Tomcat/9.0.27]
2025-04-10 17:53:40.361 [main] INFO  o.a.c.core.ContainerBase.[Tomcat].[localhost].[/] - Initializing Spring embedded WebApplicationContext
2025-04-10 17:53:40.361 [main] INFO  org.springframework.web.context.ContextLoader - Root WebApplicationContext: initialization completed in 565 ms
2025-04-10 17:53:40.429 [main] INFO  com.zaxxer.hikari.HikariDataSource - HikariPool-1 - Starting...
2025-04-10 17:53:40.561 [main] INFO  com.zaxxer.hikari.HikariDataSource - HikariPool-1 - Start completed.
2025-04-10 17:53:40.817 [main] INFO  s.d.s.w.PropertySourcedRequestMappingHandlerMapping - Mapped URL path [/v2/api-docs] onto method [springfox.documentation.swagger2.web.Swagger2Controller#getDocumentation(String, HttpServletRequest)]
2025-04-10 17:53:40.823 [main] INFO  com.netflix.config.sources.URLConfigurationSource - To enable URLs as dynamic configuration sources, define System property archaius.configurationSource.additionalUrls or make config.properties available on classpath.
2025-04-10 17:53:40.824 [main] INFO  com.netflix.config.sources.URLConfigurationSource - To enable URLs as dynamic configuration sources, define System property archaius.configurationSource.additionalUrls or make config.properties available on classpath.
2025-04-10 17:53:40.856 [main] INFO  o.s.scheduling.concurrent.ThreadPoolTaskExecutor - Initializing ExecutorService 'applicationTaskExecutor'
2025-04-10 17:53:41.044 [main] INFO  o.s.scheduling.concurrent.ThreadPoolTaskScheduler - Initializing ExecutorService
2025-04-10 17:53:41.072 [main] INFO  s.d.s.web.plugins.DocumentationPluginsBootstrapper - Context refreshed
2025-04-10 17:53:41.079 [main] INFO  s.d.s.web.plugins.DocumentationPluginsBootstrapper - Found 1 custom documentation plugin(s)
2025-04-10 17:53:41.092 [main] INFO  s.d.spring.web.scanners.ApiListingReferenceScanner - Scanning for api listing references
2025-04-10 17:53:41.173 [main] INFO  org.apache.coyote.http11.Http11NioProtocol - Starting ProtocolHandler ["http-nio-8081"]
2025-04-10 17:53:41.181 [main] INFO  o.s.boot.web.embedded.tomcat.TomcatWebServer - Tomcat started on port(s): 8081 (http) with context path ''
2025-04-10 17:53:41.192 [main] INFO  o.s.c.alibaba.nacos.registry.NacosServiceRegistry - nacos registry, service-edu 169.234.43.248:8081 register finished
2025-04-10 17:53:41.194 [main] INFO  com.edu.eduservice.EduApplication - Started EduApplication in 1.776 seconds (JVM running for 1.958)
2025-04-10 17:53:51.163 [SpringContextShutdownHook] INFO  o.s.c.alibaba.nacos.registry.NacosServiceRegistry - De-registering from Nacos Server now...
2025-04-10 17:53:51.172 [SpringContextShutdownHook] INFO  o.s.c.alibaba.nacos.registry.NacosServiceRegistry - De-registration finished.
2025-04-10 17:53:51.178 [SpringContextShutdownHook] INFO  o.s.scheduling.concurrent.ThreadPoolTaskExecutor - Shutting down ExecutorService 'applicationTaskExecutor'
2025-04-10 17:53:51.180 [SpringContextShutdownHook] INFO  com.zaxxer.hikari.HikariDataSource - HikariPool-1 - Shutdown initiated...
2025-04-10 17:53:51.182 [SpringContextShutdownHook] INFO  com.zaxxer.hikari.HikariDataSource - HikariPool-1 - Shutdown completed.
2025-04-10 18:15:55.524 [main] INFO  com.edu.eduservice.EduApplication - The following profiles are active: dev
2025-04-10 18:15:55.754 [main] INFO  o.s.d.r.config.RepositoryConfigurationDelegate - Multiple Spring Data modules found, entering strict repository configuration mode!
2025-04-10 18:15:55.754 [main] INFO  o.s.d.r.config.RepositoryConfigurationDelegate - Bootstrapping Spring Data repositories in DEFAULT mode.
2025-04-10 18:15:55.763 [main] INFO  o.s.d.r.config.RepositoryConfigurationDelegate - Finished Spring Data repository scanning in 4ms. Found 0 repository interfaces.
2025-04-10 18:15:55.839 [main] INFO  o.springframework.cloud.context.scope.GenericScope - BeanFactory id=ba072493-1c54-3e4e-a111-ce495858e956
2025-04-10 18:15:55.892 [main] INFO  o.s.c.s.PostProcessorRegistrationDelegate$BeanPostProcessorChecker - Bean 'org.springframework.transaction.annotation.ProxyTransactionManagementConfiguration' of type [org.springframework.transaction.annotation.ProxyTransactionManagementConfiguration] is not eligible for getting processed by all BeanPostProcessors (for example: not eligible for auto-proxying)
2025-04-10 18:15:55.925 [main] INFO  o.s.c.s.PostProcessorRegistrationDelegate$BeanPostProcessorChecker - Bean 'org.springframework.cloud.autoconfigure.ConfigurationPropertiesRebinderAutoConfiguration' of type [org.springframework.cloud.autoconfigure.ConfigurationPropertiesRebinderAutoConfiguration] is not eligible for getting processed by all BeanPostProcessors (for example: not eligible for auto-proxying)
2025-04-10 18:15:56.008 [main] INFO  o.s.boot.web.embedded.tomcat.TomcatWebServer - Tomcat initialized with port(s): 8081 (http)
2025-04-10 18:15:56.011 [main] INFO  org.apache.coyote.http11.Http11NioProtocol - Initializing ProtocolHandler ["http-nio-8081"]
2025-04-10 18:15:56.012 [main] INFO  org.apache.catalina.core.StandardService - Starting service [Tomcat]
2025-04-10 18:15:56.012 [main] INFO  org.apache.catalina.core.StandardEngine - Starting Servlet engine: [Apache Tomcat/9.0.27]
2025-04-10 18:15:56.053 [main] INFO  o.a.c.core.ContainerBase.[Tomcat].[localhost].[/] - Initializing Spring embedded WebApplicationContext
2025-04-10 18:15:56.053 [main] INFO  org.springframework.web.context.ContextLoader - Root WebApplicationContext: initialization completed in 521 ms
2025-04-10 18:15:56.127 [main] INFO  com.zaxxer.hikari.HikariDataSource - HikariPool-1 - Starting...
2025-04-10 18:15:56.270 [main] INFO  com.zaxxer.hikari.HikariDataSource - HikariPool-1 - Start completed.
2025-04-10 18:15:56.526 [main] INFO  s.d.s.w.PropertySourcedRequestMappingHandlerMapping - Mapped URL path [/v2/api-docs] onto method [springfox.documentation.swagger2.web.Swagger2Controller#getDocumentation(String, HttpServletRequest)]
2025-04-10 18:15:56.532 [main] INFO  com.netflix.config.sources.URLConfigurationSource - To enable URLs as dynamic configuration sources, define System property archaius.configurationSource.additionalUrls or make config.properties available on classpath.
2025-04-10 18:15:56.533 [main] INFO  com.netflix.config.sources.URLConfigurationSource - To enable URLs as dynamic configuration sources, define System property archaius.configurationSource.additionalUrls or make config.properties available on classpath.
2025-04-10 18:15:56.564 [main] INFO  o.s.scheduling.concurrent.ThreadPoolTaskExecutor - Initializing ExecutorService 'applicationTaskExecutor'
2025-04-10 18:15:56.741 [main] INFO  o.s.scheduling.concurrent.ThreadPoolTaskScheduler - Initializing ExecutorService
2025-04-10 18:15:56.762 [main] INFO  s.d.s.web.plugins.DocumentationPluginsBootstrapper - Context refreshed
2025-04-10 18:15:56.768 [main] INFO  s.d.s.web.plugins.DocumentationPluginsBootstrapper - Found 1 custom documentation plugin(s)
2025-04-10 18:15:56.781 [main] INFO  s.d.spring.web.scanners.ApiListingReferenceScanner - Scanning for api listing references
2025-04-10 18:15:56.869 [main] INFO  org.apache.coyote.http11.Http11NioProtocol - Starting ProtocolHandler ["http-nio-8081"]
2025-04-10 18:15:56.876 [main] INFO  o.s.boot.web.embedded.tomcat.TomcatWebServer - Tomcat started on port(s): 8081 (http) with context path ''
2025-04-10 18:15:56.883 [main] INFO  o.s.c.alibaba.nacos.registry.NacosServiceRegistry - nacos registry, service-edu 169.234.43.248:8081 register finished
2025-04-10 18:15:56.884 [main] INFO  com.edu.eduservice.EduApplication - Started EduApplication in 1.683 seconds (JVM running for 1.844)
2025-04-10 18:17:45.867 [http-nio-8081-exec-1] INFO  o.a.c.core.ContainerBase.[Tomcat].[localhost].[/] - Initializing Spring DispatcherServlet 'dispatcherServlet'
2025-04-10 18:17:45.870 [http-nio-8081-exec-1] INFO  org.springframework.web.servlet.DispatcherServlet - Initializing Servlet 'dispatcherServlet'
2025-04-10 18:17:45.911 [http-nio-8081-exec-1] INFO  org.springframework.web.servlet.DispatcherServlet - Completed initialization in 40 ms
2025-04-10 23:09:48.230 [SpringContextShutdownHook] INFO  o.s.c.alibaba.nacos.registry.NacosServiceRegistry - De-registering from Nacos Server now...
2025-04-10 23:09:48.234 [SpringContextShutdownHook] INFO  o.s.c.alibaba.nacos.registry.NacosServiceRegistry - De-registration finished.
2025-04-10 23:09:48.252 [SpringContextShutdownHook] INFO  o.s.scheduling.concurrent.ThreadPoolTaskExecutor - Shutting down ExecutorService 'applicationTaskExecutor'
2025-04-10 23:09:48.263 [SpringContextShutdownHook] INFO  com.zaxxer.hikari.HikariDataSource - HikariPool-1 - Shutdown initiated...
2025-04-10 23:09:48.265 [SpringContextShutdownHook] INFO  com.zaxxer.hikari.HikariDataSource - HikariPool-1 - Shutdown completed.
