2025-04-02 12:13:17.594 [main] INFO  com.edu.eduservice.EduApplication - Starting EduApplication on HaitongdeMacBook-Air.local with PID 33692 (/Users/haitong/Documents/online-edu/edu_root/service/service_edu/target/classes started by haitong in /Users/haitong/Documents/online-edu/edu_root)
2025-04-02 12:13:17.597 [main] INFO  com.edu.eduservice.EduApplication - The following profiles are active: dev
2025-04-02 12:13:17.923 [main] INFO  o.s.d.r.config.RepositoryConfigurationDelegate - Multiple Spring Data modules found, entering strict repository configuration mode!
2025-04-02 12:13:17.924 [main] INFO  o.s.d.r.config.RepositoryConfigurationDelegate - Bootstrapping Spring Data repositories in DEFAULT mode.
2025-04-02 12:13:17.932 [main] INFO  o.s.d.r.config.RepositoryConfigurationDelegate - Finished Spring Data repository scanning in 4ms. Found 0 repository interfaces.
2025-04-02 12:13:18.053 [main] INFO  o.s.c.s.PostProcessorRegistrationDelegate$BeanPostProcessorChecker - Bean 'org.springframework.transaction.annotation.ProxyTransactionManagementConfiguration' of type [org.springframework.transaction.annotation.ProxyTransactionManagementConfiguration] is not eligible for getting processed by all BeanPostProcessors (for example: not eligible for auto-proxying)
2025-04-02 12:13:18.192 [main] INFO  o.s.boot.web.embedded.tomcat.TomcatWebServer - Tomcat initialized with port(s): 8081 (http)
2025-04-02 12:13:18.195 [main] INFO  org.apache.coyote.http11.Http11NioProtocol - Initializing ProtocolHandler ["http-nio-8081"]
2025-04-02 12:13:18.195 [main] INFO  org.apache.catalina.core.StandardService - Starting service [Tomcat]
2025-04-02 12:13:18.195 [main] INFO  org.apache.catalina.core.StandardEngine - Starting Servlet engine: [Apache Tomcat/9.0.27]
2025-04-02 12:13:18.226 [main] INFO  o.a.c.core.ContainerBase.[Tomcat].[localhost].[/] - Initializing Spring embedded WebApplicationContext
2025-04-02 12:13:18.226 [main] INFO  org.springframework.web.context.ContextLoader - Root WebApplicationContext: initialization completed in 607 ms
2025-04-02 12:13:18.295 [main] INFO  com.zaxxer.hikari.HikariDataSource - HikariPool-1 - Starting...
2025-04-02 12:13:18.435 [main] INFO  com.zaxxer.hikari.HikariDataSource - HikariPool-1 - Start completed.
2025-04-02 12:13:18.715 [main] INFO  s.d.s.w.PropertySourcedRequestMappingHandlerMapping - Mapped URL path [/v2/api-docs] onto method [springfox.documentation.swagger2.web.Swagger2Controller#getDocumentation(String, HttpServletRequest)]
2025-04-02 12:13:18.756 [main] INFO  o.s.scheduling.concurrent.ThreadPoolTaskExecutor - Initializing ExecutorService 'applicationTaskExecutor'
2025-04-02 12:13:18.927 [main] INFO  s.d.s.web.plugins.DocumentationPluginsBootstrapper - Context refreshed
2025-04-02 12:13:18.935 [main] INFO  s.d.s.web.plugins.DocumentationPluginsBootstrapper - Found 1 custom documentation plugin(s)
2025-04-02 12:13:18.945 [main] INFO  s.d.spring.web.scanners.ApiListingReferenceScanner - Scanning for api listing references
2025-04-02 12:13:19.012 [main] INFO  org.apache.coyote.http11.Http11NioProtocol - Starting ProtocolHandler ["http-nio-8081"]
2025-04-02 12:13:19.021 [main] INFO  o.s.boot.web.embedded.tomcat.TomcatWebServer - Tomcat started on port(s): 8081 (http) with context path ''
2025-04-02 12:13:19.022 [main] INFO  com.edu.eduservice.EduApplication - Started EduApplication in 1.642 seconds (JVM running for 1.795)
2025-04-02 12:15:48.528 [SpringContextShutdownHook] INFO  o.s.scheduling.concurrent.ThreadPoolTaskExecutor - Shutting down ExecutorService 'applicationTaskExecutor'
2025-04-02 12:15:48.529 [SpringContextShutdownHook] INFO  com.zaxxer.hikari.HikariDataSource - HikariPool-1 - Shutdown initiated...
2025-04-02 12:15:48.533 [SpringContextShutdownHook] INFO  com.zaxxer.hikari.HikariDataSource - HikariPool-1 - Shutdown completed.
2025-04-02 12:15:50.015 [main] INFO  com.edu.eduservice.EduApplication - Starting EduApplication on HaitongdeMacBook-Air.local with PID 34154 (/Users/haitong/Documents/online-edu/edu_root/service/service_edu/target/classes started by haitong in /Users/haitong/Documents/online-edu/edu_root)
2025-04-02 12:15:50.017 [main] INFO  com.edu.eduservice.EduApplication - The following profiles are active: dev
2025-04-02 12:15:50.327 [main] INFO  o.s.d.r.config.RepositoryConfigurationDelegate - Multiple Spring Data modules found, entering strict repository configuration mode!
2025-04-02 12:15:50.328 [main] INFO  o.s.d.r.config.RepositoryConfigurationDelegate - Bootstrapping Spring Data repositories in DEFAULT mode.
2025-04-02 12:15:50.337 [main] INFO  o.s.d.r.config.RepositoryConfigurationDelegate - Finished Spring Data repository scanning in 4ms. Found 0 repository interfaces.
2025-04-02 12:15:50.456 [main] INFO  o.s.c.s.PostProcessorRegistrationDelegate$BeanPostProcessorChecker - Bean 'org.springframework.transaction.annotation.ProxyTransactionManagementConfiguration' of type [org.springframework.transaction.annotation.ProxyTransactionManagementConfiguration] is not eligible for getting processed by all BeanPostProcessors (for example: not eligible for auto-proxying)
2025-04-02 12:15:50.600 [main] INFO  o.s.boot.web.embedded.tomcat.TomcatWebServer - Tomcat initialized with port(s): 8081 (http)
2025-04-02 12:15:50.604 [main] INFO  org.apache.coyote.http11.Http11NioProtocol - Initializing ProtocolHandler ["http-nio-8081"]
2025-04-02 12:15:50.604 [main] INFO  org.apache.catalina.core.StandardService - Starting service [Tomcat]
2025-04-02 12:15:50.604 [main] INFO  org.apache.catalina.core.StandardEngine - Starting Servlet engine: [Apache Tomcat/9.0.27]
2025-04-02 12:15:50.634 [main] INFO  o.a.c.core.ContainerBase.[Tomcat].[localhost].[/] - Initializing Spring embedded WebApplicationContext
2025-04-02 12:15:50.634 [main] INFO  org.springframework.web.context.ContextLoader - Root WebApplicationContext: initialization completed in 592 ms
2025-04-02 12:15:50.698 [main] INFO  com.zaxxer.hikari.HikariDataSource - HikariPool-1 - Starting...
2025-04-02 12:15:50.830 [main] INFO  com.zaxxer.hikari.HikariDataSource - HikariPool-1 - Start completed.
2025-04-02 12:15:51.114 [main] INFO  s.d.s.w.PropertySourcedRequestMappingHandlerMapping - Mapped URL path [/v2/api-docs] onto method [springfox.documentation.swagger2.web.Swagger2Controller#getDocumentation(String, HttpServletRequest)]
2025-04-02 12:15:51.151 [main] INFO  o.s.scheduling.concurrent.ThreadPoolTaskExecutor - Initializing ExecutorService 'applicationTaskExecutor'
2025-04-02 12:15:51.323 [main] INFO  s.d.s.web.plugins.DocumentationPluginsBootstrapper - Context refreshed
2025-04-02 12:15:51.329 [main] INFO  s.d.s.web.plugins.DocumentationPluginsBootstrapper - Found 1 custom documentation plugin(s)
2025-04-02 12:15:51.340 [main] INFO  s.d.spring.web.scanners.ApiListingReferenceScanner - Scanning for api listing references
2025-04-02 12:15:51.410 [main] INFO  org.apache.coyote.http11.Http11NioProtocol - Starting ProtocolHandler ["http-nio-8081"]
2025-04-02 12:15:51.418 [main] INFO  o.s.boot.web.embedded.tomcat.TomcatWebServer - Tomcat started on port(s): 8081 (http) with context path ''
2025-04-02 12:15:51.419 [main] INFO  com.edu.eduservice.EduApplication - Started EduApplication in 1.628 seconds (JVM running for 1.779)
2025-04-02 12:16:08.827 [http-nio-8081-exec-3] INFO  o.a.c.core.ContainerBase.[Tomcat].[localhost].[/] - Initializing Spring DispatcherServlet 'dispatcherServlet'
2025-04-02 12:16:08.827 [http-nio-8081-exec-3] INFO  org.springframework.web.servlet.DispatcherServlet - Initializing Servlet 'dispatcherServlet'
2025-04-02 12:16:08.829 [http-nio-8081-exec-3] INFO  org.springframework.web.servlet.DispatcherServlet - Completed initialization in 2 ms
2025-04-02 12:18:34.050 [SpringContextShutdownHook] INFO  o.s.scheduling.concurrent.ThreadPoolTaskExecutor - Shutting down ExecutorService 'applicationTaskExecutor'
2025-04-02 12:18:34.051 [SpringContextShutdownHook] INFO  com.zaxxer.hikari.HikariDataSource - HikariPool-1 - Shutdown initiated...
2025-04-02 12:18:34.054 [SpringContextShutdownHook] INFO  com.zaxxer.hikari.HikariDataSource - HikariPool-1 - Shutdown completed.
2025-04-02 12:18:35.509 [main] INFO  com.edu.eduservice.EduApplication - Starting EduApplication on HaitongdeMacBook-Air.local with PID 34666 (/Users/haitong/Documents/online-edu/edu_root/service/service_edu/target/classes started by haitong in /Users/haitong/Documents/online-edu/edu_root)
2025-04-02 12:18:35.511 [main] INFO  com.edu.eduservice.EduApplication - The following profiles are active: dev
2025-04-02 12:18:35.798 [main] INFO  o.s.d.r.config.RepositoryConfigurationDelegate - Multiple Spring Data modules found, entering strict repository configuration mode!
2025-04-02 12:18:35.799 [main] INFO  o.s.d.r.config.RepositoryConfigurationDelegate - Bootstrapping Spring Data repositories in DEFAULT mode.
2025-04-02 12:18:35.808 [main] INFO  o.s.d.r.config.RepositoryConfigurationDelegate - Finished Spring Data repository scanning in 4ms. Found 0 repository interfaces.
2025-04-02 12:18:35.918 [main] INFO  o.s.c.s.PostProcessorRegistrationDelegate$BeanPostProcessorChecker - Bean 'org.springframework.transaction.annotation.ProxyTransactionManagementConfiguration' of type [org.springframework.transaction.annotation.ProxyTransactionManagementConfiguration] is not eligible for getting processed by all BeanPostProcessors (for example: not eligible for auto-proxying)
2025-04-02 12:18:36.049 [main] INFO  o.s.boot.web.embedded.tomcat.TomcatWebServer - Tomcat initialized with port(s): 8081 (http)
2025-04-02 12:18:36.053 [main] INFO  org.apache.coyote.http11.Http11NioProtocol - Initializing ProtocolHandler ["http-nio-8081"]
2025-04-02 12:18:36.053 [main] INFO  org.apache.catalina.core.StandardService - Starting service [Tomcat]
2025-04-02 12:18:36.053 [main] INFO  org.apache.catalina.core.StandardEngine - Starting Servlet engine: [Apache Tomcat/9.0.27]
2025-04-02 12:18:36.081 [main] INFO  o.a.c.core.ContainerBase.[Tomcat].[localhost].[/] - Initializing Spring embedded WebApplicationContext
2025-04-02 12:18:36.081 [main] INFO  org.springframework.web.context.ContextLoader - Root WebApplicationContext: initialization completed in 550 ms
2025-04-02 12:18:36.139 [main] INFO  com.zaxxer.hikari.HikariDataSource - HikariPool-1 - Starting...
2025-04-02 12:18:36.263 [main] INFO  com.zaxxer.hikari.HikariDataSource - HikariPool-1 - Start completed.
2025-04-02 12:18:36.533 [main] INFO  s.d.s.w.PropertySourcedRequestMappingHandlerMapping - Mapped URL path [/v2/api-docs] onto method [springfox.documentation.swagger2.web.Swagger2Controller#getDocumentation(String, HttpServletRequest)]
2025-04-02 12:18:36.565 [main] INFO  o.s.scheduling.concurrent.ThreadPoolTaskExecutor - Initializing ExecutorService 'applicationTaskExecutor'
2025-04-02 12:18:36.712 [main] INFO  s.d.s.web.plugins.DocumentationPluginsBootstrapper - Context refreshed
2025-04-02 12:18:36.717 [main] INFO  s.d.s.web.plugins.DocumentationPluginsBootstrapper - Found 1 custom documentation plugin(s)
2025-04-02 12:18:36.724 [main] INFO  s.d.spring.web.scanners.ApiListingReferenceScanner - Scanning for api listing references
2025-04-02 12:18:36.789 [main] INFO  org.apache.coyote.http11.Http11NioProtocol - Starting ProtocolHandler ["http-nio-8081"]
2025-04-02 12:18:36.798 [main] INFO  o.s.boot.web.embedded.tomcat.TomcatWebServer - Tomcat started on port(s): 8081 (http) with context path ''
2025-04-02 12:18:36.799 [main] INFO  com.edu.eduservice.EduApplication - Started EduApplication in 1.494 seconds (JVM running for 1.667)
2025-04-02 12:18:47.477 [http-nio-8081-exec-1] INFO  o.a.c.core.ContainerBase.[Tomcat].[localhost].[/] - Initializing Spring DispatcherServlet 'dispatcherServlet'
2025-04-02 12:18:47.477 [http-nio-8081-exec-1] INFO  org.springframework.web.servlet.DispatcherServlet - Initializing Servlet 'dispatcherServlet'
2025-04-02 12:18:47.480 [http-nio-8081-exec-1] INFO  org.springframework.web.servlet.DispatcherServlet - Completed initialization in 3 ms
2025-04-02 14:48:30.983 [SpringContextShutdownHook] INFO  o.s.scheduling.concurrent.ThreadPoolTaskExecutor - Shutting down ExecutorService 'applicationTaskExecutor'
2025-04-02 14:48:30.984 [SpringContextShutdownHook] INFO  com.zaxxer.hikari.HikariDataSource - HikariPool-1 - Shutdown initiated...
2025-04-02 14:48:30.986 [SpringContextShutdownHook] INFO  com.zaxxer.hikari.HikariDataSource - HikariPool-1 - Shutdown completed.
2025-04-02 14:48:32.488 [main] INFO  com.edu.eduservice.EduApplication - Starting EduApplication on HaitongdeMacBook-Air.local with PID 39948 (/Users/haitong/Documents/online-edu/edu_root/service/service_edu/target/classes started by haitong in /Users/haitong/Documents/online-edu/edu_root)
2025-04-02 14:48:32.489 [main] INFO  com.edu.eduservice.EduApplication - The following profiles are active: dev
2025-04-02 14:48:32.788 [main] INFO  o.s.d.r.config.RepositoryConfigurationDelegate - Multiple Spring Data modules found, entering strict repository configuration mode!
2025-04-02 14:48:32.790 [main] INFO  o.s.d.r.config.RepositoryConfigurationDelegate - Bootstrapping Spring Data repositories in DEFAULT mode.
2025-04-02 14:48:32.798 [main] INFO  o.s.d.r.config.RepositoryConfigurationDelegate - Finished Spring Data repository scanning in 4ms. Found 0 repository interfaces.
2025-04-02 14:48:32.916 [main] INFO  o.s.c.s.PostProcessorRegistrationDelegate$BeanPostProcessorChecker - Bean 'org.springframework.transaction.annotation.ProxyTransactionManagementConfiguration' of type [org.springframework.transaction.annotation.ProxyTransactionManagementConfiguration] is not eligible for getting processed by all BeanPostProcessors (for example: not eligible for auto-proxying)
2025-04-02 14:48:33.053 [main] INFO  o.s.boot.web.embedded.tomcat.TomcatWebServer - Tomcat initialized with port(s): 8081 (http)
2025-04-02 14:48:33.056 [main] INFO  org.apache.coyote.http11.Http11NioProtocol - Initializing ProtocolHandler ["http-nio-8081"]
2025-04-02 14:48:33.057 [main] INFO  org.apache.catalina.core.StandardService - Starting service [Tomcat]
2025-04-02 14:48:33.057 [main] INFO  org.apache.catalina.core.StandardEngine - Starting Servlet engine: [Apache Tomcat/9.0.27]
2025-04-02 14:48:33.085 [main] INFO  o.a.c.core.ContainerBase.[Tomcat].[localhost].[/] - Initializing Spring embedded WebApplicationContext
2025-04-02 14:48:33.085 [main] INFO  org.springframework.web.context.ContextLoader - Root WebApplicationContext: initialization completed in 579 ms
2025-04-02 14:48:33.151 [main] INFO  com.zaxxer.hikari.HikariDataSource - HikariPool-1 - Starting...
2025-04-02 14:48:33.298 [main] INFO  com.zaxxer.hikari.HikariDataSource - HikariPool-1 - Start completed.
2025-04-02 14:48:33.574 [main] INFO  s.d.s.w.PropertySourcedRequestMappingHandlerMapping - Mapped URL path [/v2/api-docs] onto method [springfox.documentation.swagger2.web.Swagger2Controller#getDocumentation(String, HttpServletRequest)]
2025-04-02 14:48:33.612 [main] INFO  o.s.scheduling.concurrent.ThreadPoolTaskExecutor - Initializing ExecutorService 'applicationTaskExecutor'
2025-04-02 14:48:33.794 [main] INFO  s.d.s.web.plugins.DocumentationPluginsBootstrapper - Context refreshed
2025-04-02 14:48:33.799 [main] INFO  s.d.s.web.plugins.DocumentationPluginsBootstrapper - Found 1 custom documentation plugin(s)
2025-04-02 14:48:33.809 [main] INFO  s.d.spring.web.scanners.ApiListingReferenceScanner - Scanning for api listing references
2025-04-02 14:48:33.881 [main] INFO  org.apache.coyote.http11.Http11NioProtocol - Starting ProtocolHandler ["http-nio-8081"]
2025-04-02 14:48:33.890 [main] INFO  o.s.boot.web.embedded.tomcat.TomcatWebServer - Tomcat started on port(s): 8081 (http) with context path ''
2025-04-02 14:48:33.891 [main] INFO  com.edu.eduservice.EduApplication - Started EduApplication in 1.623 seconds (JVM running for 1.776)
2025-04-02 14:48:40.247 [http-nio-8081-exec-1] INFO  o.a.c.core.ContainerBase.[Tomcat].[localhost].[/] - Initializing Spring DispatcherServlet 'dispatcherServlet'
2025-04-02 14:48:40.247 [http-nio-8081-exec-1] INFO  org.springframework.web.servlet.DispatcherServlet - Initializing Servlet 'dispatcherServlet'
2025-04-02 14:48:40.249 [http-nio-8081-exec-1] INFO  org.springframework.web.servlet.DispatcherServlet - Completed initialization in 2 ms
2025-04-02 14:49:12.978 [SpringContextShutdownHook] INFO  o.s.scheduling.concurrent.ThreadPoolTaskExecutor - Shutting down ExecutorService 'applicationTaskExecutor'
2025-04-02 14:49:12.979 [SpringContextShutdownHook] INFO  com.zaxxer.hikari.HikariDataSource - HikariPool-1 - Shutdown initiated...
2025-04-02 14:49:12.981 [SpringContextShutdownHook] INFO  com.zaxxer.hikari.HikariDataSource - HikariPool-1 - Shutdown completed.
2025-04-02 14:49:14.393 [main] INFO  com.edu.eduservice.EduApplication - Starting EduApplication on HaitongdeMacBook-Air.local with PID 40081 (/Users/haitong/Documents/online-edu/edu_root/service/service_edu/target/classes started by haitong in /Users/haitong/Documents/online-edu/edu_root)
2025-04-02 14:49:14.395 [main] INFO  com.edu.eduservice.EduApplication - The following profiles are active: dev
2025-04-02 14:49:14.702 [main] INFO  o.s.d.r.config.RepositoryConfigurationDelegate - Multiple Spring Data modules found, entering strict repository configuration mode!
2025-04-02 14:49:14.703 [main] INFO  o.s.d.r.config.RepositoryConfigurationDelegate - Bootstrapping Spring Data repositories in DEFAULT mode.
2025-04-02 14:49:14.711 [main] INFO  o.s.d.r.config.RepositoryConfigurationDelegate - Finished Spring Data repository scanning in 4ms. Found 0 repository interfaces.
2025-04-02 14:49:14.820 [main] INFO  o.s.c.s.PostProcessorRegistrationDelegate$BeanPostProcessorChecker - Bean 'org.springframework.transaction.annotation.ProxyTransactionManagementConfiguration' of type [org.springframework.transaction.annotation.ProxyTransactionManagementConfiguration] is not eligible for getting processed by all BeanPostProcessors (for example: not eligible for auto-proxying)
2025-04-02 14:49:14.957 [main] INFO  o.s.boot.web.embedded.tomcat.TomcatWebServer - Tomcat initialized with port(s): 8081 (http)
2025-04-02 14:49:14.962 [main] INFO  org.apache.coyote.http11.Http11NioProtocol - Initializing ProtocolHandler ["http-nio-8081"]
2025-04-02 14:49:14.962 [main] INFO  org.apache.catalina.core.StandardService - Starting service [Tomcat]
2025-04-02 14:49:14.962 [main] INFO  org.apache.catalina.core.StandardEngine - Starting Servlet engine: [Apache Tomcat/9.0.27]
2025-04-02 14:49:14.995 [main] INFO  o.a.c.core.ContainerBase.[Tomcat].[localhost].[/] - Initializing Spring embedded WebApplicationContext
2025-04-02 14:49:14.995 [main] INFO  org.springframework.web.context.ContextLoader - Root WebApplicationContext: initialization completed in 575 ms
2025-04-02 14:49:15.058 [main] INFO  com.zaxxer.hikari.HikariDataSource - HikariPool-1 - Starting...
2025-04-02 14:49:15.186 [main] INFO  com.zaxxer.hikari.HikariDataSource - HikariPool-1 - Start completed.
2025-04-02 14:49:15.453 [main] INFO  s.d.s.w.PropertySourcedRequestMappingHandlerMapping - Mapped URL path [/v2/api-docs] onto method [springfox.documentation.swagger2.web.Swagger2Controller#getDocumentation(String, HttpServletRequest)]
2025-04-02 14:49:15.489 [main] INFO  o.s.scheduling.concurrent.ThreadPoolTaskExecutor - Initializing ExecutorService 'applicationTaskExecutor'
2025-04-02 14:49:15.652 [main] INFO  s.d.s.web.plugins.DocumentationPluginsBootstrapper - Context refreshed
2025-04-02 14:49:15.657 [main] INFO  s.d.s.web.plugins.DocumentationPluginsBootstrapper - Found 1 custom documentation plugin(s)
2025-04-02 14:49:15.669 [main] INFO  s.d.spring.web.scanners.ApiListingReferenceScanner - Scanning for api listing references
2025-04-02 14:49:15.746 [main] INFO  org.apache.coyote.http11.Http11NioProtocol - Starting ProtocolHandler ["http-nio-8081"]
2025-04-02 14:49:15.755 [main] INFO  o.s.boot.web.embedded.tomcat.TomcatWebServer - Tomcat started on port(s): 8081 (http) with context path ''
2025-04-02 14:49:15.756 [main] INFO  com.edu.eduservice.EduApplication - Started EduApplication in 1.589 seconds (JVM running for 1.744)
2025-04-02 14:49:21.927 [http-nio-8081-exec-1] INFO  o.a.c.core.ContainerBase.[Tomcat].[localhost].[/] - Initializing Spring DispatcherServlet 'dispatcherServlet'
2025-04-02 14:49:21.927 [http-nio-8081-exec-1] INFO  org.springframework.web.servlet.DispatcherServlet - Initializing Servlet 'dispatcherServlet'
2025-04-02 14:49:21.930 [http-nio-8081-exec-1] INFO  org.springframework.web.servlet.DispatcherServlet - Completed initialization in 3 ms
2025-04-02 14:51:34.751 [SpringContextShutdownHook] INFO  o.s.scheduling.concurrent.ThreadPoolTaskExecutor - Shutting down ExecutorService 'applicationTaskExecutor'
2025-04-02 14:51:34.752 [SpringContextShutdownHook] INFO  com.zaxxer.hikari.HikariDataSource - HikariPool-1 - Shutdown initiated...
2025-04-02 14:51:34.754 [SpringContextShutdownHook] INFO  com.zaxxer.hikari.HikariDataSource - HikariPool-1 - Shutdown completed.
2025-04-02 14:51:36.102 [main] INFO  com.edu.eduservice.EduApplication - Starting EduApplication on HaitongdeMacBook-Air.local with PID 40508 (/Users/haitong/Documents/online-edu/edu_root/service/service_edu/target/classes started by haitong in /Users/haitong/Documents/online-edu/edu_root)
2025-04-02 14:51:36.104 [main] INFO  com.edu.eduservice.EduApplication - The following profiles are active: dev
2025-04-02 14:51:36.375 [main] INFO  o.s.d.r.config.RepositoryConfigurationDelegate - Multiple Spring Data modules found, entering strict repository configuration mode!
2025-04-02 14:51:36.376 [main] INFO  o.s.d.r.config.RepositoryConfigurationDelegate - Bootstrapping Spring Data repositories in DEFAULT mode.
2025-04-02 14:51:36.384 [main] INFO  o.s.d.r.config.RepositoryConfigurationDelegate - Finished Spring Data repository scanning in 4ms. Found 0 repository interfaces.
2025-04-02 14:51:36.485 [main] INFO  o.s.c.s.PostProcessorRegistrationDelegate$BeanPostProcessorChecker - Bean 'org.springframework.transaction.annotation.ProxyTransactionManagementConfiguration' of type [org.springframework.transaction.annotation.ProxyTransactionManagementConfiguration] is not eligible for getting processed by all BeanPostProcessors (for example: not eligible for auto-proxying)
2025-04-02 14:51:36.614 [main] INFO  o.s.boot.web.embedded.tomcat.TomcatWebServer - Tomcat initialized with port(s): 8081 (http)
2025-04-02 14:51:36.617 [main] INFO  org.apache.coyote.http11.Http11NioProtocol - Initializing ProtocolHandler ["http-nio-8081"]
2025-04-02 14:51:36.618 [main] INFO  org.apache.catalina.core.StandardService - Starting service [Tomcat]
2025-04-02 14:51:36.618 [main] INFO  org.apache.catalina.core.StandardEngine - Starting Servlet engine: [Apache Tomcat/9.0.27]
2025-04-02 14:51:36.645 [main] INFO  o.a.c.core.ContainerBase.[Tomcat].[localhost].[/] - Initializing Spring embedded WebApplicationContext
2025-04-02 14:51:36.645 [main] INFO  org.springframework.web.context.ContextLoader - Root WebApplicationContext: initialization completed in 524 ms
2025-04-02 14:51:36.701 [main] INFO  com.zaxxer.hikari.HikariDataSource - HikariPool-1 - Starting...
2025-04-02 14:51:36.820 [main] INFO  com.zaxxer.hikari.HikariDataSource - HikariPool-1 - Start completed.
2025-04-02 14:51:37.064 [main] INFO  s.d.s.w.PropertySourcedRequestMappingHandlerMapping - Mapped URL path [/v2/api-docs] onto method [springfox.documentation.swagger2.web.Swagger2Controller#getDocumentation(String, HttpServletRequest)]
2025-04-02 14:51:37.096 [main] INFO  o.s.scheduling.concurrent.ThreadPoolTaskExecutor - Initializing ExecutorService 'applicationTaskExecutor'
2025-04-02 14:51:37.233 [main] INFO  s.d.s.web.plugins.DocumentationPluginsBootstrapper - Context refreshed
2025-04-02 14:51:37.238 [main] INFO  s.d.s.web.plugins.DocumentationPluginsBootstrapper - Found 1 custom documentation plugin(s)
2025-04-02 14:51:37.246 [main] INFO  s.d.spring.web.scanners.ApiListingReferenceScanner - Scanning for api listing references
2025-04-02 14:51:37.312 [main] INFO  org.apache.coyote.http11.Http11NioProtocol - Starting ProtocolHandler ["http-nio-8081"]
2025-04-02 14:51:37.321 [main] INFO  o.s.boot.web.embedded.tomcat.TomcatWebServer - Tomcat started on port(s): 8081 (http) with context path ''
2025-04-02 14:51:37.322 [main] INFO  com.edu.eduservice.EduApplication - Started EduApplication in 1.435 seconds (JVM running for 1.583)
2025-04-02 14:51:42.950 [http-nio-8081-exec-1] INFO  o.a.c.core.ContainerBase.[Tomcat].[localhost].[/] - Initializing Spring DispatcherServlet 'dispatcherServlet'
2025-04-02 14:51:42.950 [http-nio-8081-exec-1] INFO  org.springframework.web.servlet.DispatcherServlet - Initializing Servlet 'dispatcherServlet'
2025-04-02 14:51:42.954 [http-nio-8081-exec-1] INFO  org.springframework.web.servlet.DispatcherServlet - Completed initialization in 3 ms
2025-04-02 15:43:00.076 [SpringContextShutdownHook] INFO  o.s.scheduling.concurrent.ThreadPoolTaskExecutor - Shutting down ExecutorService 'applicationTaskExecutor'
2025-04-02 15:43:00.078 [SpringContextShutdownHook] INFO  com.zaxxer.hikari.HikariDataSource - HikariPool-1 - Shutdown initiated...
2025-04-02 15:43:00.080 [SpringContextShutdownHook] INFO  com.zaxxer.hikari.HikariDataSource - HikariPool-1 - Shutdown completed.
2025-04-02 21:18:07.662 [main] INFO  com.edu.eduservice.EduApplication - Starting EduApplication on HaitongdeMacBook-Air.local with PID 98517 (/Users/haitong/Documents/online-edu/edu_root/service/service_edu/target/classes started by haitong in /Users/haitong/Documents/online-edu/edu_root)
2025-04-02 21:18:07.663 [main] INFO  com.edu.eduservice.EduApplication - The following profiles are active: dev
2025-04-02 21:18:07.957 [main] INFO  o.s.d.r.config.RepositoryConfigurationDelegate - Multiple Spring Data modules found, entering strict repository configuration mode!
2025-04-02 21:18:07.958 [main] INFO  o.s.d.r.config.RepositoryConfigurationDelegate - Bootstrapping Spring Data repositories in DEFAULT mode.
2025-04-02 21:18:07.967 [main] INFO  o.s.d.r.config.RepositoryConfigurationDelegate - Finished Spring Data repository scanning in 4ms. Found 0 repository interfaces.
2025-04-02 21:18:08.086 [main] INFO  o.s.c.s.PostProcessorRegistrationDelegate$BeanPostProcessorChecker - Bean 'org.springframework.transaction.annotation.ProxyTransactionManagementConfiguration' of type [org.springframework.transaction.annotation.ProxyTransactionManagementConfiguration] is not eligible for getting processed by all BeanPostProcessors (for example: not eligible for auto-proxying)
2025-04-02 21:18:08.224 [main] INFO  o.s.boot.web.embedded.tomcat.TomcatWebServer - Tomcat initialized with port(s): 8081 (http)
2025-04-02 21:18:08.227 [main] INFO  org.apache.coyote.http11.Http11NioProtocol - Initializing ProtocolHandler ["http-nio-8081"]
2025-04-02 21:18:08.227 [main] INFO  org.apache.catalina.core.StandardService - Starting service [Tomcat]
2025-04-02 21:18:08.228 [main] INFO  org.apache.catalina.core.StandardEngine - Starting Servlet engine: [Apache Tomcat/9.0.27]
2025-04-02 21:18:08.258 [main] INFO  o.a.c.core.ContainerBase.[Tomcat].[localhost].[/] - Initializing Spring embedded WebApplicationContext
2025-04-02 21:18:08.258 [main] INFO  org.springframework.web.context.ContextLoader - Root WebApplicationContext: initialization completed in 576 ms
2025-04-02 21:18:08.318 [main] INFO  com.zaxxer.hikari.HikariDataSource - HikariPool-1 - Starting...
2025-04-02 21:18:08.478 [main] INFO  com.zaxxer.hikari.HikariDataSource - HikariPool-1 - Start completed.
2025-04-02 21:18:08.714 [main] INFO  s.d.s.w.PropertySourcedRequestMappingHandlerMapping - Mapped URL path [/v2/api-docs] onto method [springfox.documentation.swagger2.web.Swagger2Controller#getDocumentation(String, HttpServletRequest)]
2025-04-02 21:18:08.744 [main] INFO  o.s.scheduling.concurrent.ThreadPoolTaskExecutor - Initializing ExecutorService 'applicationTaskExecutor'
2025-04-02 21:18:08.888 [main] INFO  s.d.s.web.plugins.DocumentationPluginsBootstrapper - Context refreshed
2025-04-02 21:18:08.893 [main] INFO  s.d.s.web.plugins.DocumentationPluginsBootstrapper - Found 1 custom documentation plugin(s)
2025-04-02 21:18:08.901 [main] INFO  s.d.spring.web.scanners.ApiListingReferenceScanner - Scanning for api listing references
2025-04-02 21:18:08.971 [main] INFO  org.apache.coyote.http11.Http11NioProtocol - Starting ProtocolHandler ["http-nio-8081"]
2025-04-02 21:18:08.980 [main] INFO  o.s.boot.web.embedded.tomcat.TomcatWebServer - Tomcat started on port(s): 8081 (http) with context path ''
2025-04-02 21:18:08.981 [main] INFO  com.edu.eduservice.EduApplication - Started EduApplication in 1.527 seconds (JVM running for 1.71)
2025-04-02 21:18:57.857 [http-nio-8081-exec-1] INFO  o.a.c.core.ContainerBase.[Tomcat].[localhost].[/] - Initializing Spring DispatcherServlet 'dispatcherServlet'
2025-04-02 21:18:57.858 [http-nio-8081-exec-1] INFO  org.springframework.web.servlet.DispatcherServlet - Initializing Servlet 'dispatcherServlet'
2025-04-02 21:18:57.864 [http-nio-8081-exec-1] INFO  org.springframework.web.servlet.DispatcherServlet - Completed initialization in 6 ms
2025-04-02 22:52:38.007 [SpringContextShutdownHook] INFO  o.s.scheduling.concurrent.ThreadPoolTaskExecutor - Shutting down ExecutorService 'applicationTaskExecutor'
2025-04-02 22:52:38.010 [SpringContextShutdownHook] INFO  com.zaxxer.hikari.HikariDataSource - HikariPool-1 - Shutdown initiated...
2025-04-02 22:52:38.012 [SpringContextShutdownHook] INFO  com.zaxxer.hikari.HikariDataSource - HikariPool-1 - Shutdown completed.
2025-04-02 22:52:39.599 [main] INFO  com.edu.eduservice.EduApplication - Starting EduApplication on HaitongdeMacBook-Air.local with PID 12868 (/Users/haitong/Documents/online-edu/edu_root/service/service_edu/target/classes started by haitong in /Users/haitong/Documents/online-edu/edu_root)
2025-04-02 22:52:39.601 [main] INFO  com.edu.eduservice.EduApplication - The following profiles are active: dev
2025-04-02 22:52:39.900 [main] INFO  o.s.d.r.config.RepositoryConfigurationDelegate - Multiple Spring Data modules found, entering strict repository configuration mode!
2025-04-02 22:52:39.901 [main] INFO  o.s.d.r.config.RepositoryConfigurationDelegate - Bootstrapping Spring Data repositories in DEFAULT mode.
2025-04-02 22:52:39.910 [main] INFO  o.s.d.r.config.RepositoryConfigurationDelegate - Finished Spring Data repository scanning in 4ms. Found 0 repository interfaces.
2025-04-02 22:52:40.018 [main] INFO  o.s.c.s.PostProcessorRegistrationDelegate$BeanPostProcessorChecker - Bean 'org.springframework.transaction.annotation.ProxyTransactionManagementConfiguration' of type [org.springframework.transaction.annotation.ProxyTransactionManagementConfiguration] is not eligible for getting processed by all BeanPostProcessors (for example: not eligible for auto-proxying)
2025-04-02 22:52:40.138 [main] INFO  o.s.boot.web.embedded.tomcat.TomcatWebServer - Tomcat initialized with port(s): 8081 (http)
2025-04-02 22:52:40.141 [main] INFO  org.apache.coyote.http11.Http11NioProtocol - Initializing ProtocolHandler ["http-nio-8081"]
2025-04-02 22:52:40.141 [main] INFO  org.apache.catalina.core.StandardService - Starting service [Tomcat]
2025-04-02 22:52:40.142 [main] INFO  org.apache.catalina.core.StandardEngine - Starting Servlet engine: [Apache Tomcat/9.0.27]
2025-04-02 22:52:40.169 [main] INFO  o.a.c.core.ContainerBase.[Tomcat].[localhost].[/] - Initializing Spring embedded WebApplicationContext
2025-04-02 22:52:40.169 [main] INFO  org.springframework.web.context.ContextLoader - Root WebApplicationContext: initialization completed in 542 ms
2025-04-02 22:52:40.228 [main] INFO  com.zaxxer.hikari.HikariDataSource - HikariPool-1 - Starting...
2025-04-02 22:52:40.349 [main] INFO  com.zaxxer.hikari.HikariDataSource - HikariPool-1 - Start completed.
2025-04-02 22:52:40.581 [main] INFO  s.d.s.w.PropertySourcedRequestMappingHandlerMapping - Mapped URL path [/v2/api-docs] onto method [springfox.documentation.swagger2.web.Swagger2Controller#getDocumentation(String, HttpServletRequest)]
2025-04-02 22:52:40.611 [main] INFO  o.s.scheduling.concurrent.ThreadPoolTaskExecutor - Initializing ExecutorService 'applicationTaskExecutor'
2025-04-02 22:52:40.751 [main] INFO  s.d.s.web.plugins.DocumentationPluginsBootstrapper - Context refreshed
2025-04-02 22:52:40.757 [main] INFO  s.d.s.web.plugins.DocumentationPluginsBootstrapper - Found 1 custom documentation plugin(s)
2025-04-02 22:52:40.764 [main] INFO  s.d.spring.web.scanners.ApiListingReferenceScanner - Scanning for api listing references
2025-04-02 22:52:40.826 [main] INFO  org.apache.coyote.http11.Http11NioProtocol - Starting ProtocolHandler ["http-nio-8081"]
2025-04-02 22:52:40.834 [main] INFO  o.s.boot.web.embedded.tomcat.TomcatWebServer - Tomcat started on port(s): 8081 (http) with context path ''
2025-04-02 22:52:40.835 [main] INFO  com.edu.eduservice.EduApplication - Started EduApplication in 1.434 seconds (JVM running for 1.587)
2025-04-02 22:53:03.358 [http-nio-8081-exec-1] INFO  o.a.c.core.ContainerBase.[Tomcat].[localhost].[/] - Initializing Spring DispatcherServlet 'dispatcherServlet'
2025-04-02 22:53:03.358 [http-nio-8081-exec-1] INFO  org.springframework.web.servlet.DispatcherServlet - Initializing Servlet 'dispatcherServlet'
2025-04-02 22:53:03.361 [http-nio-8081-exec-1] INFO  org.springframework.web.servlet.DispatcherServlet - Completed initialization in 3 ms
